Model: tak135sph.mod
GCARC  EVDP    TP(sec) p(P)(s/km)      T*(P)   TSV(sec) p(SV)(s/km)    T*(SV)   TSH(sec) p(SH)(s/km)    T*(SH)
--------------------------------------------------------------------------------------------------------------
    1   700      80.56       0.02       0.33     146.21       0.03       0.98     146.21       0.03       0.98
    2   700      83.11       0.03       0.34     150.86       0.05       1.01     150.86       0.05       1.01
    3   700      87.18       0.04       0.36     158.26       0.08       1.06     158.26       0.08       1.06
   30   700     316.88       0.08       0.73     569.80       0.14       2.06     569.80       0.14       2.06
   60   700     542.59       0.06       1.00     984.57       0.11       2.85     984.57       0.11       2.85
   90   700     707.88       0.04       1.33    1273.61       0.05       2.81    1303.85       0.08       3.82
--------------------------------------------------------------------------------------------------------------
Model: Ttak135sph.mod
GCARC  EVDP    TP(sec) p(P)(s/km)      T*(P)   TSV(sec) p(SV)(s/km)    T*(SV)   TSH(sec) p(SH)(s/km)    T*(SH)
--------------------------------------------------------------------------------------------------------------
    1   700      80.56       0.02       0.33     146.21       0.03       0.98     146.21       0.03       0.98
    2   700      83.11       0.03       0.34     150.86       0.05       1.01     150.86       0.05       1.01
    3   700      87.18       0.04       0.36     158.26       0.08       1.06     158.26       0.08       1.06
   30   700     316.88       0.08       0.73     569.80       0.14       2.06     569.80       0.14       2.06
   60   700     542.59       0.06       1.00     984.57       0.11       2.85     984.57       0.11       2.85
   90   700     707.88       0.04       1.33    1273.61       0.05       2.81    1303.85       0.08       3.82
--------------------------------------------------------------------------------------------------------------
Model: Ftak135sph.mod
GCARC  EVDP    TP(sec) p(P)(s/km)      T*(P)   TSV(sec) p(SV)(s/km)    T*(SV)   TSH(sec) p(SH)(s/km)    T*(SH)
--------------------------------------------------------------------------------------------------------------
    1   700      80.68       0.02       0.33     146.42       0.03       0.98     146.42       0.03       0.98
    2   700      83.55       0.03       0.34     151.66       0.06       1.02     151.66       0.06       1.02
    3   700      88.13       0.05       0.36     159.99       0.09       1.07     159.99       0.09       1.07
   30   700     349.06       0.09       0.82     627.52       0.16       2.29     627.52       0.16       2.29
   60   700     640.00       0.08       1.17    1153.28       0.15       3.29    1153.28       0.15       3.29
   90   700     912.69       0.08       1.56    1658.56       0.15       4.40    1658.56       0.15       4.40
--------------------------------------------------------------------------------------------------------------
Model: FTtak135sph.mod
GCARC  EVDP    TP(sec) p(P)(s/km)      T*(P)   TSV(sec) p(SV)(s/km)    T*(SV)   TSH(sec) p(SH)(s/km)    T*(SH)
--------------------------------------------------------------------------------------------------------------
    1   700      80.68       0.02       0.33     146.42       0.03       0.98     146.42       0.03       0.98
    2   700      83.55       0.03       0.34     151.66       0.06       1.02     151.66       0.06       1.02
    3   700      88.13       0.05       0.36     159.99       0.09       1.07     159.99       0.09       1.07
   30   700     349.06       0.09       0.82     627.52       0.16       2.29     627.52       0.16       2.29
   60   700     640.00       0.08       1.17    1153.28       0.15       3.29    1153.28       0.15       3.29
   90   700     912.69       0.08       1.56    1658.56       0.15       4.40    1658.56       0.15       4.40
--------------------------------------------------------------------------------------------------------------
