GCARC  EVDP    P(taup)     P(CPS)                 S(taup)     S(CPS)
---------------------------------------------------------------------------------
    1    10      19.40      19.23 (      0.17)      32.61      32.24 (      0.37)
    2    10      33.83      33.76 (      0.07)      58.90      58.77 (      0.13)
    3    10      47.58      47.46 (      0.12)      83.58      83.34 (      0.24)
    4    10      61.33      61.17 (      0.16)     108.25     107.92 (      0.33)
    5    10      75.07      74.87 (      0.20)     132.91     132.49 (      0.42)
    6    10      88.81      88.57 (      0.24)     157.55     157.06 (      0.49)
    7    10     102.54     102.28 (      0.26)     182.18     181.64 (      0.54)
    8    10     116.27     115.98 (      0.29)     206.80     206.21 (      0.59)
    9    10     129.98     129.69 (      0.29)     231.38     230.78 (      0.60)
   10    10     143.69     143.39 (      0.30)     255.94     255.36 (      0.58)
   11    10     157.38     157.09 (      0.29)     280.46     279.93 (      0.53)
   12    10     171.06     170.80 (      0.26)     304.95     304.51 (      0.44)
   13    10     184.73     184.50 (      0.23)     329.40     328.92 (      0.48)
   14    10     198.38     198.14 (      0.24)     353.82     353.27 (      0.55)
   15    10     212.01     211.51 (      0.50)     378.19     377.63 (      0.56)
   16    10     225.10     224.47 (      0.63)     402.52     401.98 (      0.54)
   17    10     237.82     237.24 (      0.58)     426.79     426.33 (      0.46)
   18    10     250.25     249.65 (      0.60)     451.01     450.46 (      0.55)
   19    10     261.73     261.20 (      0.53)     475.19     474.59 (      0.60)
   20    10     272.67     272.17 (      0.50)     497.50     496.55 (      0.95)
   30    10     368.73     368.48 (      0.25)     666.60     666.10 (      0.50)
   40    10     454.86     454.56 (      0.30)     820.36     819.80 (      0.56)
   50    10     534.41     534.11 (      0.30)     965.11     964.60 (      0.51)
   60    10     606.70     606.44 (      0.26)    1099.21    1098.73 (      0.48)
   70    10     671.71     671.47 (      0.24)    1222.16    1221.67 (      0.49)
   80    10     729.50     729.24 (      0.26)    1333.53    1333.05 (      0.48)
   90    10     779.71     779.45 (      0.26)    1432.65    1410.12 (     22.53)
  100    10      -1.00     825.11 (   -826.11)    1520.05    1463.68 (     56.37)
  110    10      -1.00     869.90 (   -870.90)      -1.00    1508.96 (  -1509.96)
  120    10      -1.00     914.70 (   -915.70)      -1.00    1547.15 (  -1548.15)
  130    10      -1.00     959.49 (   -960.49)      -1.00    1578.60 (  -1579.60)
  140    10      -1.00    1004.29 (  -1005.29)      -1.00    1603.67 (  -1604.67)
---------------------------------------------------------------------------------
GCARC  EVDP    P(taup)     P(CPS)                 S(taup)     S(CPS)
---------------------------------------------------------------------------------
    1   700      80.56      80.56 (     -0.00)     146.22     146.21 (      0.01)
    2   700      83.11      83.11 (     -0.00)     150.87     150.86 (      0.01)
    3   700      87.18      87.18 (      0.00)     158.28     158.26 (      0.02)
    4   700      92.54      92.54 (     -0.00)     168.05     168.04 (      0.01)
    5   700      98.97      98.96 (      0.01)     179.75     179.74 (      0.01)
    6   700     106.22     106.22 (     -0.00)     192.98     192.96 (      0.02)
    7   700     114.12     114.11 (      0.01)     207.35     207.33 (      0.02)
    8   700     122.48     122.48 (      0.00)     222.58     222.55 (      0.03)
    9   700     131.18     131.17 (      0.01)     238.38     238.34 (      0.04)
   10   700     140.09     140.08 (      0.01)     254.50     254.46 (      0.04)
   11   700     149.10     149.10 (      0.00)     269.24     270.76 (     -1.52)
   12   700     158.17     158.18 (     -0.01)     287.08     287.07 (      0.01)
   13   700     167.24     167.27 (     -0.03)     303.37     303.07 (      0.30)
   14   700     176.31     176.22 (      0.09)     319.62     319.06 (      0.56)
   15   700     185.39     185.18 (      0.21)     335.79     335.06 (      0.73)
   16   700     194.42     194.13 (      0.29)     351.83     351.06 (      0.77)
   17   700     203.43     203.08 (      0.35)     367.80     367.05 (      0.75)
   18   700     212.41     212.03 (      0.38)     383.61     383.05 (      0.56)
   19   700     221.34     220.98 (      0.36)     399.38     399.04 (      0.34)
   20   700     230.23     229.94 (      0.29)     415.14     414.77 (      0.37)
   30   700     317.19     316.88 (      0.31)     570.32     569.80 (      0.52)
   40   700     398.85     398.56 (      0.29)     718.16     717.64 (      0.52)
   50   700     474.16     473.90 (      0.26)     856.66     856.17 (      0.49)
   60   700     542.85     542.59 (      0.26)     985.04     984.57 (      0.47)
   70   700     604.83     604.57 (      0.26)    1102.84    1102.36 (      0.48)
   80   700     659.93     659.67 (      0.26)    1209.54    1209.06 (      0.48)
   90   700     708.11     707.88 (      0.23)    1304.35    1273.61 (     30.74)
  100   700     900.73     753.07 (    147.66)     968.50    1325.66 (   -357.16)
  110   700      -1.00     797.87 (   -798.87)      -1.00    1369.88 (  -1370.88)
  120   700      -1.00     842.66 (   -843.66)      -1.00    1407.26 (  -1408.26)
  130   700      -1.00     887.46 (   -888.46)      -1.00    1438.07 (  -1439.07)
  140   700      -1.00     932.25 (   -933.25)      -1.00    1462.69 (  -1463.69)
---------------------------------------------------------------------------------
